WCCILevent   (0), 2019.11.26 20:35:09.517, SYS,  INFO,        1, Manager Start, PROJ, client_OPCUA_WinccOA, V 3.15 - 3.15   platform Linux x86_64 linked at Aug  6 2019 22:51:42 (d02a2d5a17c)
WCCILevent   (0), 2019.11.26 20:35:09.518, SYS,  INFO,      108, License information, Host information
Hostname:   dhcp-109-82.physik.uni-wuppertal.de
HW-code:    21722716381
HW-version: 31500002

WCCILevent   (0), 2019.11.26 20:35:09.518, SYS,  SEVERE,    105, Invalid license, dhcp-109-82.physik.uni-wuppertal.de: No license found
WCCILevent   (0), 2019.11.26 20:35:09.519, SYS,  INFO,      108, License information, Using license file /opt/WinCC_OA/3.15/shield

WCCILevent   (0), 2019.11.26 20:35:09.533, SYS,  INFO,        3, Trying to connect to (SYS: 0 Data -num 0 CONN: 1) @ localhost:4897
WCCILevent   (0), 2019.11.26 20:35:09.533, SYS,  INFO,        4, Connected to (SYS: 0 Data -num 0 CONN: 1) @ localhost (::1)
WCCILevent   (0), 2019.11.26 20:35:09.534, PARAM,SEVERE,     71, DP does not exist, _Connections.Event.ManNums:_original.._value
WCCILevent   (0), 2019.11.26 20:35:09.534, PARAM,SEVERE,     71, DP does not exist, _Connections.Event.StartTimes:_original.._value
WCCILevent   (0), 2019.11.26 20:35:09.534, PARAM,SEVERE,     71, DP does not exist, _Connections.Event.HostNames:_original.._value
WCCILevent   (0), 2019.11.26 20:35:09.534, PARAM,SEVERE,     71, DP does not exist, _Connections.Driver.ManNums:_original.._value
WCCILevent   (0), 2019.11.26 20:35:09.534, PARAM,SEVERE,     71, DP does not exist, _Connections.Driver.StartTimes:_original.._value
WCCILevent   (0), 2019.11.26 20:35:09.534, PARAM,SEVERE,     71, DP does not exist, _Connections.Driver.HostNames:_original.._value
WCCILevent   (0), 2019.11.26 20:35:09.534, PARAM,SEVERE,     71, DP does not exist, _Connections.Data.ManNums:_original.._value
WCCILevent   (0), 2019.11.26 20:35:09.534, PARAM,SEVERE,     71, DP does not exist, _Connections.Data.StartTimes:_original.._value
WCCILevent   (0), 2019.11.26 20:35:09.534, PARAM,SEVERE,     71, DP does not exist, _Connections.Data.HostNames:_original.._value
WCCILevent   (0), 2019.11.26 20:35:09.534, PARAM,SEVERE,     71, DP does not exist, _Connections.Ui.ManNums:_original.._value
WCCILevent   (0), 2019.11.26 20:35:09.535, PARAM,SEVERE,     71, DP does not exist, _Connections.Ui.StartTimes:_original.._value
WCCILevent   (0), 2019.11.26 20:35:09.535, PARAM,SEVERE,     71, DP does not exist, _Connections.Ui.HostNames:_original.._value
WCCILevent   (0), 2019.11.26 20:35:09.535, PARAM,SEVERE,     71, DP does not exist, _Connections.Ctrl.ManNums:_original.._value
WCCILevent   (0), 2019.11.26 20:35:09.535, PARAM,SEVERE,     71, DP does not exist, _Connections.Ctrl.StartTimes:_original.._value
WCCILevent   (0), 2019.11.26 20:35:09.535, PARAM,SEVERE,     71, DP does not exist, _Connections.Ctrl.HostNames:_original.._value
WCCILevent   (0), 2019.11.26 20:35:09.535, PARAM,SEVERE,     71, DP does not exist, _Connections.Ascii.ManNums:_original.._value
WCCILevent   (0), 2019.11.26 20:35:09.535, PARAM,SEVERE,     71, DP does not exist, _Connections.Ascii.StartTimes:_original.._value
WCCILevent   (0), 2019.11.26 20:35:09.535, PARAM,SEVERE,     71, DP does not exist, _Connections.Ascii.HostNames:_original.._value
WCCILevent   (0), 2019.11.26 20:35:09.535, PARAM,SEVERE,     71, DP does not exist, _Connections.Api.ManNums:_original.._value
WCCILevent   (0), 2019.11.26 20:35:09.535, PARAM,SEVERE,     71, DP does not exist, _Connections.Api.StartTimes:_original.._value
WCCILevent   (0), 2019.11.26 20:35:09.535, PARAM,SEVERE,     71, DP does not exist, _Connections.Api.HostNames:_original.._value
WCCILevent   (0), 2019.11.26 20:35:09.535, PARAM,SEVERE,     71, DP does not exist, _Connections.Device.ManNums:_original.._value
WCCILevent   (0), 2019.11.26 20:35:09.535, PARAM,SEVERE,     71, DP does not exist, _Connections.Device.StartTimes:_original.._value
WCCILevent   (0), 2019.11.26 20:35:09.535, PARAM,SEVERE,     71, DP does not exist, _Connections.Device.HostNames:_original.._value
WCCILevent   (0), 2019.11.26 20:35:09.535, PARAM,SEVERE,     71, DP does not exist, _Connections.Redu.ManNums:_original.._value
WCCILevent   (0), 2019.11.26 20:35:09.535, PARAM,SEVERE,     71, DP does not exist, _Connections.Redu.StartTimes:_original.._value
WCCILevent   (0), 2019.11.26 20:35:09.535, PARAM,SEVERE,     71, DP does not exist, _Connections.Redu.HostNames:_original.._value
WCCILevent   (0), 2019.11.26 20:35:09.535, PARAM,SEVERE,     71, DP does not exist, _Connections.Report.ManNums:_original.._value
WCCILevent   (0), 2019.11.26 20:35:09.535, PARAM,SEVERE,     71, DP does not exist, _Connections.Report.StartTimes:_original.._value
WCCILevent   (0), 2019.11.26 20:35:09.535, PARAM,SEVERE,     71, DP does not exist, _Connections.Report.HostNames:_original.._value
WCCILevent   (0), 2019.11.26 20:35:09.535, PARAM,SEVERE,     71, DP does not exist, _Connections.Dde.ManNums:_original.._value
WCCILevent   (0), 2019.11.26 20:35:09.535, PARAM,SEVERE,     71, DP does not exist, _Connections.Dde.StartTimes:_original.._value
WCCILevent   (0), 2019.11.26 20:35:09.535, PARAM,SEVERE,     71, DP does not exist, _Connections.Dde.HostNames:_original.._value
WCCILevent   (0), 2019.11.26 20:35:09.535, PARAM,SEVERE,     71, DP does not exist, _Connections.Dist.ManNums:_original.._value
WCCILevent   (0), 2019.11.26 20:35:09.535, PARAM,SEVERE,     71, DP does not exist, _Connections.Dist.StartTimes:_original.._value
WCCILevent   (0), 2019.11.26 20:35:09.535, PARAM,SEVERE,     71, DP does not exist, _Connections.Dist.HostNames:_original.._value
WCCILevent   (0), 2019.11.26 20:35:09.535, SYS,  SEVERE,    105, Invalid license, dhcp-109-82.physik.uni-wuppertal.de: No license found
WCCILevent   (0), 2019.11.26 20:35:09.535, SYS,  INFO,        6, Initialization by Data Manager finished
WCCILevent   (0), 2019.11.26 20:35:09.535, SYS,  INFO,      169, Initialize 0 dp-functions
WCCILevent   (0), 2019.11.26 20:35:09.535, SYS,  INFO,      168, Initialize 0 alerts
WCCILevent   (0), 2019.11.26 20:35:09.536, PARAM,WARNING,     7, Datapoint does not exist, EvFixedLicenses, EvFixedLicenses, _Event.License.FixedShield
WCCILevent   (0), 2019.11.26 20:35:09.536, PARAM,WARNING,     7, Datapoint does not exist, UserTable, UserTable, _Users.UserId
WCCILevent   (0), 2019.11.26 20:35:09.536, PARAM,WARNING,     7, Datapoint does not exist, ManagerTable, ManagerTable, _Managers.Auth.ManType
WCCILevent   (0), 2019.11.26 20:35:09.536, PARAM,WARNING,     7, Datapoint does not exist, EventManager, doDpConnect, _System.Auth.DpType:_original.._value
WCCILevent   (0), 2019.11.26 20:35:09.536, PARAM,WARNING,     7, Datapoint does not exist, EventManager, doDpConnect, _System.Auth.Dp:_original.._value
WCCILevent   (0), 2019.11.26 20:35:09.536, PARAM,WARNING,     7, Datapoint does not exist, EventManager, doDpConnect, _System.Auth.DpAuth:_original.._value
WCCILevent   (0), 2019.11.26 20:35:09.536, PARAM,WARNING,     7, Datapoint does not exist, EventManager, doDpConnect, _System.Auth.DpAlias:_original.._value
WCCILevent   (0), 2019.11.26 20:35:09.536, PARAM,WARNING,     7, Datapoint does not exist, EventManager, dpDpConnect, _Event.ReadLicense
WCCILevent   (0), 2019.11.26 20:35:09.536, PARAM,WARNING,     8, Element does not exist, EventManager, doDpConnect, _Managers.Exit
WCCILevent   (0), 2019.11.26 20:35:09.536, PARAM,WARNING,     8, Element does not exist, EventManager, doDpConnect, _Managers.Refresh
WCCILevent   (0), 2019.11.26 20:35:09.536, PARAM,WARNING,     7, Datapoint does not exist, EventManager, evMain, _Event.License.ExpirationCnt
WCCILevent   (0), 2019.11.26 20:35:09.536, PARAM,WARNING,     7, Datapoint does not exist, EventManager, evMain, _Event.License.RemainingTime
WCCILevent   (0), 2019.11.26 20:35:09.536, PARAM,WARNING,     7, Datapoint does not exist, EventManager, evMain, _Event.License.alm.isRTILInvalid:_original.._value
WCCILevent   (0), 2019.11.26 20:35:09.536, PARAM,WARNING,     7, Datapoint does not exist, EventManager, evMain, _Event.License.alm.isPVSSInvalid:_original.._value
WCCILevent   (0), 2019.11.26 20:35:09.536, PARAM,WARNING,     7, Datapoint does not exist, EventManager, evMain, _Event.License.alm.shield:_original.._value
WCCILevent   (0), 2019.11.26 20:35:09.536, SYS,  SEVERE,    105, Invalid license, Eventmanager will shutdown after the demo period of 1800 seconds
WCCILevent   (0), 2019.11.26 20:35:09.548, SYS,  WARNING,   105, Invalid license, dhcp-109-82.physik.uni-wuppertal.de: No license found, Running as demo version, driver
WCCILevent   (0), 2019.11.26 20:35:09.548, SYS,  INFO,        4, Connected to (SYS: 1 Driver -num 1 CONN: 1) @ localhost (::1)
WCCILevent   (0), 2019.11.26 20:35:09.549, PARAM,WARNING,     7, Datapoint does not exist, DP: :_original.._value, MAN: (SYS: 1 Driver -num 1 CONN: 1)
WCCILevent   (0), 2019.11.26 20:35:09.549, PARAM,WARNING,     7, Datapoint does not exist, DP: :_original.._value, MAN: (SYS: 1 Driver -num 1 CONN: 1)
WCCILevent   (0), 2019.11.26 20:35:09.549, PARAM,WARNING,     7, Datapoint does not exist, DP: :_original.._value, MAN: (SYS: 1 Driver -num 1 CONN: 1)
WCCILevent   (0), 2019.11.26 20:35:09.549, PARAM,WARNING,     7, Datapoint does not exist, DP: :_original.._value, MAN: (SYS: 1 Driver -num 1 CONN: 1)
WCCILevent   (0), 2019.11.26 20:35:09.559, SYS,  WARNING,   105, Invalid license, dhcp-109-82.physik.uni-wuppertal.de: No license found, Running as demo version, ascii
WCCILevent   (0), 2019.11.26 20:35:09.559, SYS,  INFO,        4, Connected to (SYS: 1 Ascii -num 1 CONN: 1) @ localhost (::1)
WCCILevent   (0), 2019.11.26 20:35:09.702, SYS,  INFO,       39, Connection lost, MAN: (SYS: 1 Ascii -num 1 CONN: 1), Connection closed
WCCILevent   (0), 2019.11.26 20:35:09.715, SYS,  WARNING,   105, Invalid license, dhcp-109-82.physik.uni-wuppertal.de: No license found, Running as demo version, ascii
WCCILevent   (0), 2019.11.26 20:35:09.715, SYS,  INFO,        4, Connected to (SYS: 1 Ascii -num 1 CONN: 1) @ localhost (::1)
WCCILevent   (0), 2019.11.26 20:35:09.716, SYS,  INFO,        1/event, Received message from MAN: (SYS: 1 Ascii -num 1 CONN: 1) with and ID 3 smaller than the ID 200 of the last received message, assuming manager has been restarted
WCCILevent   (0), 2019.11.26 20:35:09.737, SYS,  INFO,       39, Connection lost, MAN: (SYS: 1 Ascii -num 1 CONN: 1), Connection closed
WCCILevent   (0), 2019.11.26 20:35:09.751, SYS,  WARNING,   105, Invalid license, dhcp-109-82.physik.uni-wuppertal.de: No license found, Running as demo version, ascii
WCCILevent   (0), 2019.11.26 20:35:09.751, SYS,  INFO,        4, Connected to (SYS: 1 Ascii -num 1 CONN: 1) @ localhost (::1)
WCCILevent   (0), 2019.11.26 20:35:09.751, SYS,  INFO,        1/event, Received message from MAN: (SYS: 1 Ascii -num 1 CONN: 1) with and ID 3 smaller than the ID 26 of the last received message, assuming manager has been restarted
WCCILevent   (0), 2019.11.26 20:35:09.913, SYS,  INFO,       39, Connection lost, MAN: (SYS: 1 Ascii -num 1 CONN: 1), Connection closed
WCCILevent   (0), 2019.11.26 20:35:09.929, SYS,  WARNING,   105, Invalid license, dhcp-109-82.physik.uni-wuppertal.de: No license found, Running as demo version, ascii
WCCILevent   (0), 2019.11.26 20:35:09.929, SYS,  INFO,        4, Connected to (SYS: 1 Ascii -num 1 CONN: 1) @ localhost (::1)
WCCILevent   (0), 2019.11.26 20:35:09.930, SYS,  INFO,        1/event, Received message from MAN: (SYS: 1 Ascii -num 1 CONN: 1) with and ID 2 smaller than the ID 426 of the last received message, assuming manager has been restarted
WCCILevent   (0), 2019.11.26 20:35:09.933, SYS,  INFO,       39, Connection lost, MAN: (SYS: 1 Ascii -num 1 CONN: 1), Connection closed
WCCILevent   (0), 2019.11.26 20:35:09.946, SYS,  WARNING,   105, Invalid license, dhcp-109-82.physik.uni-wuppertal.de: No license found, Running as demo version, ascii
WCCILevent   (0), 2019.11.26 20:35:09.946, SYS,  INFO,        4, Connected to (SYS: 1 Ascii -num 1 CONN: 1) @ localhost (::1)
WCCILevent   (0), 2019.11.26 20:35:09.946, SYS,  INFO,        1/event, Received message from MAN: (SYS: 1 Ascii -num 1 CONN: 1) with and ID 2 smaller than the ID 5 of the last received message, assuming manager has been restarted
WCCILevent   (0), 2019.11.26 20:35:09.948, SYS,  INFO,       39, Connection lost, MAN: (SYS: 1 Ascii -num 1 CONN: 1), Connection closed
WCCILevent   (0), 2019.11.26 20:35:09.962, SYS,  WARNING,   105, Invalid license, dhcp-109-82.physik.uni-wuppertal.de: No license found, Running as demo version, ascii
WCCILevent   (0), 2019.11.26 20:35:09.962, SYS,  INFO,        4, Connected to (SYS: 1 Ascii -num 1 CONN: 1) @ localhost (::1)
WCCILevent   (0), 2019.11.26 20:35:09.962, SYS,  INFO,        1/event, Received message from MAN: (SYS: 1 Ascii -num 1 CONN: 1) with and ID 2 smaller than the ID 3 of the last received message, assuming manager has been restarted
WCCILevent   (0), 2019.11.26 20:35:09.972, SYS,  INFO,       39, Connection lost, MAN: (SYS: 1 Ascii -num 1 CONN: 1), Connection closed
WCCILevent   (0), 2019.11.26 20:35:09.985, SYS,  WARNING,   105, Invalid license, dhcp-109-82.physik.uni-wuppertal.de: No license found, Running as demo version, ascii
WCCILevent   (0), 2019.11.26 20:35:09.985, SYS,  INFO,        4, Connected to (SYS: 1 Ascii -num 1 CONN: 1) @ localhost (::1)
WCCILevent   (0), 2019.11.26 20:35:09.985, SYS,  INFO,        1/event, Received message from MAN: (SYS: 1 Ascii -num 1 CONN: 1) with and ID 2 smaller than the ID 28 of the last received message, assuming manager has been restarted
WCCILevent   (0), 2019.11.26 20:35:10.536, SYS,  INFO,       39, Connection lost, MAN: (SYS: 1 Ascii -num 1 CONN: 1), Connection closed
WCCILevent   (0), 2019.11.26 20:35:10.553, SYS,  WARNING,   105, Invalid license, dhcp-109-82.physik.uni-wuppertal.de: No license found, Running as demo version, ascii
WCCILevent   (0), 2019.11.26 20:35:10.553, SYS,  INFO,        4, Connected to (SYS: 1 Ascii -num 1 CONN: 1) @ localhost (::1)
WCCILevent   (0), 2019.11.26 20:35:10.553, SYS,  INFO,        1/event, Received message from MAN: (SYS: 1 Ascii -num 1 CONN: 1) with and ID 2 smaller than the ID 8260 of the last received message, assuming manager has been restarted
WCCILevent   (0), 2019.11.26 20:35:10.555, SYS,  INFO,       39, Connection lost, MAN: (SYS: 1 Ascii -num 1 CONN: 1), Connection closed
WCCILevent   (0), 2019.11.26 20:35:10.567, SYS,  WARNING,   105, Invalid license, dhcp-109-82.physik.uni-wuppertal.de: No license found, Running as demo version, ascii
WCCILevent   (0), 2019.11.26 20:35:10.568, SYS,  INFO,        4, Connected to (SYS: 1 Ascii -num 1 CONN: 1) @ localhost (::1)
WCCILevent   (0), 2019.11.26 20:35:10.568, SYS,  INFO,        1/event, Received message from MAN: (SYS: 1 Ascii -num 1 CONN: 1) with and ID 2 smaller than the ID 3 of the last received message, assuming manager has been restarted
WCCILevent   (0), 2019.11.26 20:35:10.584, SYS,  INFO,       39, Connection lost, MAN: (SYS: 1 Ascii -num 1 CONN: 1), Connection closed
WCCILevent   (0), 2019.11.26 20:35:10.597, SYS,  WARNING,   105, Invalid license, dhcp-109-82.physik.uni-wuppertal.de: No license found, Running as demo version, ascii
WCCILevent   (0), 2019.11.26 20:35:10.598, SYS,  INFO,        4, Connected to (SYS: 1 Ascii -num 1 CONN: 1) @ localhost (::1)
WCCILevent   (0), 2019.11.26 20:35:10.598, SYS,  INFO,        1/event, Received message from MAN: (SYS: 1 Ascii -num 1 CONN: 1) with and ID 2 smaller than the ID 174 of the last received message, assuming manager has been restarted
WCCILevent   (0), 2019.11.26 20:35:10.600, SYS,  INFO,       39, Connection lost, MAN: (SYS: 1 Ascii -num 1 CONN: 1), Connection closed
WCCILevent   (0), 2019.11.26 20:35:12.611, SYS,  INFO,       39, Connection lost, MAN: (SYS: 1 Driver -num 1 CONN: 1), Connection closed
WCCILevent   (0), 2019.11.26 20:35:12.613, SYS,  INFO,        2, Manager Stop, received signal 15, exiting
WCCILevent   (0), 2019.11.26 20:35:12.613, SYS,  INFO,        2, Manager Stop, start cleanup
WCCILevent   (0), 2019.11.26 20:35:12.613, SYS,  INFO,      181, Closing connection to (SYS: 1 Data -num 0 CONN: 1)
WCCILevent   (0), 2019.11.26 20:35:14.613, SYS,  INFO,       39, Connection lost, MAN: (SYS: 1 Data -num 0 CONN: 1), Connection closed
WCCILevent   (0), 2019.11.26 20:35:14.619, SYS,  INFO,        2, Manager Stop
