WCCILsim     (1), 2019.11.26 20:35:09.545, SYS,  INFO,        1, Manager Start, PROJ, client_OPCUA_WinccOA, V 3.15 - 3.15   platform Linux x86_64 linked at Aug  6 2019 22:51:42 (d02a2d5a17c)
WCCILsim     (1), 2019.11.26 20:35:09.545, SYS,  INFO,        3, Trying to connect to (SYS: 0 Data -num 0 CONN: 1) @ localhost:4897
WCCILsim     (1), 2019.11.26 20:35:09.546, SYS,  INFO,        4, Connected to (SYS: 0 Data -num 0 CONN: 1) @ localhost (::1)
WCCILsim     (1), 2019.11.26 20:35:09.547, PARAM,SEVERE,     71, DP does not exist, _Stat_Configs_driver_1._address:_original.._value
WCCILsim     (1), 2019.11.26 20:35:09.547, PARAM,SEVERE,     71, DP does not exist, _Stat_Configs_driver_1._cmd_conv:_original.._value
WCCILsim     (1), 2019.11.26 20:35:09.547, PARAM,SEVERE,     71, DP does not exist, _Stat_Configs_driver_1._msg_conv:_original.._value
WCCILsim     (1), 2019.11.26 20:35:09.547, PARAM,SEVERE,     71, DP does not exist, _Stat_Configs_driver_1._smooth:_original.._value
WCCILsim     (1), 2019.11.26 20:35:09.547, PARAM,SEVERE,     71, DP does not exist, _Stat_Configs_Refresh.SecsToRefresh:_original.._value
WCCILsim     (1), 2019.11.26 20:35:09.547, SYS,  INFO,        6, Initialization by Data Manager finished
WCCILsim     (1), 2019.11.26 20:35:09.547, SYS,  INFO,        3, Trying to connect to (SYS: 1 Event -num 0 CONN: 1) @ localhost:4998
WCCILsim     (1), 2019.11.26 20:35:09.547, SYS,  INFO,        4, Connected to (SYS: 1 Event -num 0 CONN: 1) @ localhost (::1)
WCCILsim     (1), 2019.11.26 20:35:09.548, SYS,  SEVERE,    105, Invalid license, Driver will shutdown after the demo period of 1800 seconds
WCCILsim     (1), 2019.11.26 20:35:09.548, SYS,  INFO,      156, Driver initialization finished.
WCCILsim     (1), 2019.11.26 20:35:09.549, PARAM,WARNING,    54, Unexpected state, Cannot get DPID for _Driver1.AL.AClasses:_original.._value
WCCILsim     (1), 2019.11.26 20:35:09.549, PARAM,WARNING,    54, Unexpected state, Cannot get DPID for _Driver1.AL.AckDps:_original.._value
WCCILsim     (1), 2019.11.26 20:35:09.549, PARAM,WARNING,    54, Unexpected state, Cannot get DPID for _Driver1.AL.AckData:_original.._value
WCCILsim     (1), 2019.11.26 20:35:09.559, PARAM,WARNING,    90, DP attribute was connected twice, DP: (Type: 0 Sys: 1 Dp: 0 El: 0 : ..)
WCCILsim     (1), 2019.11.26 20:35:09.559, PARAM,WARNING,    54, Unexpected state, AlertDrvIntDp, dpReady, dpConnect failed to Ack DPs
WCCILsim     (1), 2019.11.26 20:35:10.600, SYS,  INFO,      170, Signal SIGTERM received - exiting ...
WCCILsim     (1), 2019.11.26 20:35:12.611, SYS,  INFO,      181, Closing connection to (SYS: 1 Data -num 0 CONN: 1)
WCCILsim     (1), 2019.11.26 20:35:12.611, SYS,  INFO,      181, Closing connection to (SYS: 1 Event -num 0 CONN: 1)
WCCILsim     (1), 2019.11.26 20:35:12.611, SYS,  INFO,       39, Connection lost, MAN: (SYS: 1 Data -num 0 CONN: 1), Connection closed
WCCILsim     (1), 2019.11.26 20:35:12.611, SYS,  INFO,       39, Connection lost, MAN: (SYS: 1 Event -num 0 CONN: 1), Connection closed
WCCILsim     (1), 2019.11.26 20:35:12.612, SYS,  INFO,        2, Manager Stop
